::1 - - [17/Dec/2022:21:55:28 +0000] "POST /api/v1/create_school/ HTTP/1.1" 422 76 "-" "PostmanRuntime/7.29.2"
::1 - - [17/Dec/2022:21:55:56 +0000] "POST /api/v1/create_school/ HTTP/1.1" 422 76 "-" "PostmanRuntime/7.29.2"
::1 - - [17/Dec/2022:21:56:00 +0000] "POST /api/v1/create_school/ HTTP/1.1" 422 76 "-" "PostmanRuntime/7.29.2"
::1 - - [17/Dec/2022:21:56:03 +0000] "POST /api/v1/create_school/ HTTP/1.1" 422 76 "-" "PostmanRuntime/7.29.2"
::1 - - [17/Dec/2022:21:56:07 +0000] "POST /api/v1/create_school/ HTTP/1.1" 422 76 "-" "PostmanRuntime/7.29.2"
::1 - - [17/Dec/2022:21:56:11 +0000] "POST /api/v1/create_school/ HTTP/1.1" 422 76 "-" "PostmanRuntime/7.29.2"
::1 - - [17/Dec/2022:21:56:14 +0000] "POST /api/v1/create_school/ HTTP/1.1" 422 76 "-" "PostmanRuntime/7.29.2"
::1 - - [17/Dec/2022:21:56:40 +0000] "POST /api/v1/login_school/ HTTP/1.1" 200 324 "-" "PostmanRuntime/7.29.2"
::1 - - [17/Dec/2022:21:56:47 +0000] "POST /api/v1/login_school/ HTTP/1.1" 200 324 "-" "PostmanRuntime/7.29.2"
::1 - - [17/Dec/2022:21:56:51 +0000] "POST /api/v1/login_school/ HTTP/1.1" 200 324 "-" "PostmanRuntime/7.29.2"
::1 - - [17/Dec/2022:21:56:56 +0000] "POST /api/v1/login_school/ HTTP/1.1" 200 324 "-" "PostmanRuntime/7.29.2"
::1 - - [17/Dec/2022:21:57:01 +0000] "POST /api/v1/login_school/ HTTP/1.1" 200 324 "-" "PostmanRuntime/7.29.2"
::1 - - [17/Dec/2022:21:57:50 +0000] "PATCH /api/v1/complete_school_profile/?school_id=639dd4a66773fd9888da08ce HTTP/1.1" 200 42 "-" "PostmanRuntime/7.29.2"
::1 - - [17/Dec/2022:21:57:54 +0000] "PATCH /api/v1/complete_school_profile/?school_id=639dd4a66773fd9888da08ce HTTP/1.1" 200 42 "-" "PostmanRuntime/7.29.2"
::1 - - [17/Dec/2022:21:58:04 +0000] "POST /api/v1/login_school/ HTTP/1.1" 200 324 "-" "PostmanRuntime/7.29.2"
::1 - - [17/Dec/2022:21:58:13 +0000] "PATCH /api/v1/complete_school_profile/?school_id=639dd4a66773fd9888da08ce HTTP/1.1" 200 42 "-" "PostmanRuntime/7.29.2"
::1 - - [17/Dec/2022:21:58:25 +0000] "PATCH /api/v1/complete_school_profile/?school_id=639dd4a66773fd9888da08ce HTTP/1.1" 200 42 "-" "PostmanRuntime/7.29.2"
::1 - - [17/Dec/2022:21:58:41 +0000] "POST /api/v1/login_school/ HTTP/1.1" 200 324 "-" "PostmanRuntime/7.29.2"
::1 - - [17/Dec/2022:21:58:48 +0000] "PATCH /api/v1/complete_school_profile/?school_id=639dd4a66773fd9888da08ce HTTP/1.1" 200 42 "-" "PostmanRuntime/7.29.2"
::1 - - [17/Dec/2022:22:22:05 +0000] "PATCH /api/v1/complete_school_profile/?school_id=639dd4a66773fd9888da08ce HTTP/1.1" 200 42 "-" "PostmanRuntime/7.29.2"
::1 - - [17/Dec/2022:22:22:17 +0000] "PATCH /api/v1/complete_school_profile/?school_id=639dd4a66773fd9888da08ce HTTP/1.1" 200 42 "-" "PostmanRuntime/7.29.2"
::1 - - [17/Dec/2022:22:22:40 +0000] "PATCH /api/v1/complete_school_profile/?school_id=639dd4a66773fd9888da08ce HTTP/1.1" 200 42 "-" "PostmanRuntime/7.29.2"
::1 - - [17/Dec/2022:22:22:43 +0000] "PATCH /api/v1/complete_school_profile/?school_id=639dd4a66773fd9888da08ce HTTP/1.1" 200 42 "-" "PostmanRuntime/7.29.2"
::1 - - [17/Dec/2022:22:22:46 +0000] "PATCH /api/v1/complete_school_profile/?school_id=639dd4a66773fd9888da08ce HTTP/1.1" 200 42 "-" "PostmanRuntime/7.29.2"
::1 - - [17/Dec/2022:22:22:49 +0000] "PATCH /api/v1/complete_school_profile/?school_id=639dd4a66773fd9888da08ce HTTP/1.1" 200 42 "-" "PostmanRuntime/7.29.2"
::1 - - [17/Dec/2022:22:22:54 +0000] "PATCH /api/v1/complete_school_profile/?school_id=639dd4a66773fd9888da08ce HTTP/1.1" 200 42 "-" "PostmanRuntime/7.29.2"
::1 - - [17/Dec/2022:22:22:57 +0000] "PATCH /api/v1/complete_school_profile/?school_id=639dd4a66773fd9888da08ce HTTP/1.1" 200 42 "-" "PostmanRuntime/7.29.2"
::1 - - [17/Dec/2022:22:23:34 +0000] "PATCH /api/v1/complete_school_profile/?school_id=639dd4a66773fd9888da08ce HTTP/1.1" 200 42 "-" "PostmanRuntime/7.29.2"
::1 - - [17/Dec/2022:22:26:14 +0000] "POST /api/v1/login_school/ HTTP/1.1" 200 324 "-" "PostmanRuntime/7.29.2"
::1 - - [17/Dec/2022:22:26:23 +0000] "POST /api/v1/login_school/ HTTP/1.1" 200 324 "-" "PostmanRuntime/7.29.2"
::1 - - [17/Dec/2022:22:38:36 +0000] "POST /api/v1/login_school/ HTTP/1.1" 200 324 "-" "PostmanRuntime/7.29.2"
::1 - - [17/Dec/2022:22:38:50 +0000] "POST /api/v1/login_school/ HTTP/1.1" 200 324 "-" "PostmanRuntime/7.29.2"
::1 - - [17/Dec/2022:22:39:11 +0000] "POST /api/v1/login_school/ HTTP/1.1" 200 324 "-" "PostmanRuntime/7.29.2"
::1 - - [17/Dec/2022:22:39:15 +0000] "PATCH /api/v1/complete_school_profile/?school_id=639dd4a66773fd9888da08ce HTTP/1.1" 200 42 "-" "PostmanRuntime/7.29.2"
::1 - - [17/Dec/2022:22:39:19 +0000] "PATCH /api/v1/complete_school_profile/?school_id=639dd4a66773fd9888da08ce HTTP/1.1" 200 42 "-" "PostmanRuntime/7.29.2"
::1 - - [17/Dec/2022:22:39:31 +0000] "POST /api/v1/login_school/ HTTP/1.1" 200 324 "-" "PostmanRuntime/7.29.2"
::1 - - [17/Dec/2022:22:39:37 +0000] "POST /api/v1/create_school/ HTTP/1.1" 422 76 "-" "PostmanRuntime/7.29.2"
::1 - - [17/Dec/2022:22:39:40 +0000] "POST /api/v1/create_school/ HTTP/1.1" 422 76 "-" "PostmanRuntime/7.29.2"
::1 - - [17/Dec/2022:22:39:46 +0000] "PATCH /api/v1/complete_school_profile/?school_id=639dd4a66773fd9888da08ce HTTP/1.1" 200 42 "-" "PostmanRuntime/7.29.2"
::1 - - [17/Dec/2022:22:39:52 +0000] "PATCH /api/v1/complete_school_profile/?school_id=639dd4a66773fd9888da08ce HTTP/1.1" 200 42 "-" "PostmanRuntime/7.29.2"
::1 - - [17/Dec/2022:22:39:58 +0000] "PATCH /api/v1/complete_school_profile/?school_id=639dd4a66773fd9888da08ce HTTP/1.1" 200 42 "-" "PostmanRuntime/7.29.2"
::1 - - [17/Dec/2022:22:49:23 +0000] "POST /api/v1/create_school/ HTTP/1.1" 422 76 "-" "PostmanRuntime/7.29.2"
::1 - - [17/Dec/2022:22:49:27 +0000] "POST /api/v1/create_school/ HTTP/1.1" 422 76 "-" "PostmanRuntime/7.29.2"
::1 - - [17/Dec/2022:22:49:29 +0000] "POST /api/v1/create_school/ HTTP/1.1" 422 76 "-" "PostmanRuntime/7.29.2"
::1 - - [17/Dec/2022:22:49:32 +0000] "POST /api/v1/create_school/ HTTP/1.1" 422 76 "-" "PostmanRuntime/7.29.2"
::1 - - [17/Dec/2022:22:49:37 +0000] "POST /api/v1/create_school/ HTTP/1.1" 422 76 "-" "PostmanRuntime/7.29.2"
::1 - - [17/Dec/2022:22:49:52 +0000] "POST /api/v1/create_school/ HTTP/1.1" 200 76 "-" "PostmanRuntime/7.29.2"
::1 - - [17/Dec/2022:22:49:55 +0000] "POST /api/v1/create_school/ HTTP/1.1" 422 76 "-" "PostmanRuntime/7.29.2"
::1 - - [17/Dec/2022:22:50:22 +0000] "POST /api/v1/login_school/ HTTP/1.1" 400 81 "-" "PostmanRuntime/7.29.2"
::1 - - [17/Dec/2022:22:50:29 +0000] "POST /api/v1/login_school/ HTTP/1.1" 400 81 "-" "PostmanRuntime/7.29.2"
::1 - - [17/Dec/2022:22:51:15 +0000] "POST /api/v1/login_school/ HTTP/1.1" 400 81 "-" "PostmanRuntime/7.29.2"
::1 - - [17/Dec/2022:22:51:20 +0000] "POST /api/v1/login_school/ HTTP/1.1" 400 81 "-" "PostmanRuntime/7.29.2"
::1 - - [17/Dec/2022:22:51:26 +0000] "POST /api/v1/login_school/ HTTP/1.1" 400 81 "-" "PostmanRuntime/7.29.2"
::1 - - [17/Dec/2022:22:51:39 +0000] "POST /api/v1/login_school/ HTTP/1.1" 200 329 "-" "PostmanRuntime/7.29.2"
::1 - - [17/Dec/2022:22:51:46 +0000] "POST /api/v1/login_school/ HTTP/1.1" 200 329 "-" "PostmanRuntime/7.29.2"
::1 - - [17/Dec/2022:22:51:55 +0000] "PATCH /api/v1/complete_school_profile/?school_id=639dd4a66773fd9888da08ce HTTP/1.1" 200 42 "-" "PostmanRuntime/7.29.2"
::1 - - [17/Dec/2022:22:51:58 +0000] "PATCH /api/v1/complete_school_profile/?school_id=639dd4a66773fd9888da08ce HTTP/1.1" 200 42 "-" "PostmanRuntime/7.29.2"
::1 - - [17/Dec/2022:22:52:01 +0000] "PATCH /api/v1/complete_school_profile/?school_id=639dd4a66773fd9888da08ce HTTP/1.1" 200 42 "-" "PostmanRuntime/7.29.2"
::1 - - [17/Dec/2022:22:52:45 +0000] "PATCH /api/v1/complete_school_profile/?school_id=639dd4a66773fd9888da08ce HTTP/1.1" 200 42 "-" "PostmanRuntime/7.29.2"
::1 - - [17/Dec/2022:22:52:52 +0000] "POST /api/v1/login_school/ HTTP/1.1" 200 329 "-" "PostmanRuntime/7.29.2"
::1 - - [17/Dec/2022:22:53:04 +0000] "POST /api/v1/login_school/ HTTP/1.1" 200 329 "-" "PostmanRuntime/7.29.2"
::1 - - [17/Dec/2022:22:53:10 +0000] "POST /api/v1/login_school/ HTTP/1.1" 200 329 "-" "PostmanRuntime/7.29.2"
::1 - - [17/Dec/2022:22:54:41 +0000] "POST /api/v1/login_school/ HTTP/1.1" 200 101 "-" "PostmanRuntime/7.29.2"
::1 - - [17/Dec/2022:22:54:43 +0000] "POST /api/v1/login_school/ HTTP/1.1" 200 101 "-" "PostmanRuntime/7.29.2"
::1 - - [17/Dec/2022:22:54:44 +0000] "POST /api/v1/login_school/ HTTP/1.1" 200 101 "-" "PostmanRuntime/7.29.2"
::1 - - [17/Dec/2022:22:55:30 +0000] "POST /api/v1/login_school/ HTTP/1.1" 200 32 "-" "PostmanRuntime/7.29.2"
::1 - - [17/Dec/2022:22:55:32 +0000] "POST /api/v1/login_school/ HTTP/1.1" 200 32 "-" "PostmanRuntime/7.29.2"
::1 - - [17/Dec/2022:22:55:34 +0000] "POST /api/v1/login_school/ HTTP/1.1" 200 32 "-" "PostmanRuntime/7.29.2"
::1 - - [17/Dec/2022:22:55:41 +0000] "POST /api/v1/login_school/ HTTP/1.1" 200 32 "-" "PostmanRuntime/7.29.2"
::1 - - [17/Dec/2022:22:55:43 +0000] "POST /api/v1/login_school/ HTTP/1.1" 200 32 "-" "PostmanRuntime/7.29.2"
::1 - - [17/Dec/2022:22:56:15 +0000] "POST /api/v1/login_school/ HTTP/1.1" 200 32 "-" "PostmanRuntime/7.29.2"
::1 - - [17/Dec/2022:22:56:17 +0000] "POST /api/v1/login_school/ HTTP/1.1" 200 32 "-" "PostmanRuntime/7.29.2"
::1 - - [17/Dec/2022:22:56:19 +0000] "POST /api/v1/login_school/ HTTP/1.1" 200 32 "-" "PostmanRuntime/7.29.2"
::1 - - [17/Dec/2022:22:56:22 +0000] "POST /api/v1/login_school/ HTTP/1.1" 200 32 "-" "PostmanRuntime/7.29.2"
::1 - - [17/Dec/2022:22:56:24 +0000] "POST /api/v1/login_school/ HTTP/1.1" 200 32 "-" "PostmanRuntime/7.29.2"
::1 - - [17/Dec/2022:22:56:26 +0000] "POST /api/v1/login_school/ HTTP/1.1" 200 32 "-" "PostmanRuntime/7.29.2"
::1 - - [17/Dec/2022:22:58:17 +0000] "POST /api/v1/login_school/ HTTP/1.1" 200 32 "-" "PostmanRuntime/7.29.2"
::1 - - [17/Dec/2022:22:58:22 +0000] "POST /api/v1/login_school/ HTTP/1.1" 200 32 "-" "PostmanRuntime/7.29.2"
::1 - - [17/Dec/2022:22:58:28 +0000] "POST /api/v1/login_school/ HTTP/1.1" 200 32 "-" "PostmanRuntime/7.29.2"
::1 - - [17/Dec/2022:22:58:33 +0000] "POST /api/v1/login_school/ HTTP/1.1" 200 32 "-" "PostmanRuntime/7.29.2"
::1 - - [17/Dec/2022:23:00:28 +0000] "POST /api/v1/login_school/ HTTP/1.1" 200 32 "-" "PostmanRuntime/7.29.2"
::1 - - [17/Dec/2022:23:00:35 +0000] "POST /api/v1/login_school/ HTTP/1.1" 200 32 "-" "PostmanRuntime/7.29.2"
::1 - - [17/Dec/2022:23:02:42 +0000] "POST /api/v1/login_school/ HTTP/1.1" 200 32 "-" "PostmanRuntime/7.29.2"
::1 - - [17/Dec/2022:23:05:00 +0000] "POST /api/v1/login_school/ HTTP/1.1" 200 329 "-" "PostmanRuntime/7.29.2"
::1 - - [17/Dec/2022:23:05:08 +0000] "POST /api/v1/login_school/ HTTP/1.1" 200 329 "-" "PostmanRuntime/7.29.2"
::1 - - [17/Dec/2022:23:05:56 +0000] "POST /api/v1/create_school/ HTTP/1.1" 200 76 "-" "PostmanRuntime/7.29.2"
::1 - - [17/Dec/2022:23:06:02 +0000] "POST /api/v1/create_school/ HTTP/1.1" 422 76 "-" "PostmanRuntime/7.29.2"
::1 - - [17/Dec/2022:23:07:25 +0000] "POST /api/v1/login_school/ HTTP/1.1" 422 81 "-" "PostmanRuntime/7.29.2"
::1 - - [17/Dec/2022:23:07:31 +0000] "PATCH /api/v1/complete_school_profile/?school_id=639dd4a66773fd9888da08ce HTTP/1.1" 422 78 "-" "PostmanRuntime/7.29.2"
::1 - - [17/Dec/2022:23:07:44 +0000] "PATCH /api/v1/complete_school_profile/?school_id=639dd4a66773fd9888da08ce HTTP/1.1" 422 78 "-" "PostmanRuntime/7.29.2"
::1 - - [17/Dec/2022:23:08:04 +0000] "PATCH /api/v1/complete_school_profile/?school_id=639dd4a66773fd9888da08ce HTTP/1.1" 422 78 "-" "PostmanRuntime/7.29.2"
::1 - - [17/Dec/2022:23:08:09 +0000] "PATCH /api/v1/complete_school_profile/?school_id=639dd4a66773fd9888da08ce HTTP/1.1" 422 78 "-" "PostmanRuntime/7.29.2"
::1 - - [17/Dec/2022:23:08:14 +0000] "PATCH /api/v1/complete_school_profile/?school_id=639dd4a66773fd9888da08ce HTTP/1.1" 422 78 "-" "PostmanRuntime/7.29.2"
::1 - - [17/Dec/2022:23:08:18 +0000] "PATCH /api/v1/complete_school_profile/?school_id=639dd4a66773fd9888da08ce HTTP/1.1" 422 78 "-" "PostmanRuntime/7.29.2"
::1 - - [17/Dec/2022:23:08:28 +0000] "POST /api/v1/login_school/ HTTP/1.1" 422 81 "-" "PostmanRuntime/7.29.2"
::1 - - [17/Dec/2022:23:08:44 +0000] "POST /api/v1/login_school/ HTTP/1.1" 200 324 "-" "PostmanRuntime/7.29.2"
::1 - - [17/Dec/2022:23:09:50 +0000] "POST /api/v1/login_school/ HTTP/1.1" 200 324 "-" "PostmanRuntime/7.29.2"
::1 - - [17/Dec/2022:23:09:54 +0000] "POST /api/v1/login_school/ HTTP/1.1" 200 324 "-" "PostmanRuntime/7.29.2"
::1 - - [17/Dec/2022:23:10:11 +0000] "PATCH /api/v1/complete_school_profile/?school_id=639e4b54bbde0ef37715f524 HTTP/1.1" 422 78 "-" "PostmanRuntime/7.29.2"
::1 - - [17/Dec/2022:23:10:33 +0000] "PATCH /api/v1/complete_school_profile/?school_id=639e4b54bbde0ef37715f524 HTTP/1.1" 422 126 "-" "PostmanRuntime/7.29.2"
::1 - - [17/Dec/2022:23:11:01 +0000] "POST /api/v1/request_email_address_otp/?school_id=639e4b54bbde0ef37715f524 HTTP/1.1" 200 35 "-" "PostmanRuntime/7.29.2"
::1 - - [17/Dec/2022:23:11:36 +0000] "PATCH /api/v1/verify_email_account/ HTTP/1.1" 422 78 "-" "PostmanRuntime/7.29.2"
::1 - - [17/Dec/2022:23:11:58 +0000] "PATCH /api/v1/verify_email_account/ HTTP/1.1" 200 55 "-" "PostmanRuntime/7.29.2"
::1 - - [17/Dec/2022:23:12:24 +0000] "PATCH /api/v1/complete_school_profile/?school_id=639e4b54bbde0ef37715f524 HTTP/1.1" 200 42 "-" "PostmanRuntime/7.29.2"
